
/home/runner/work/exp-fluorescence-instrumentation-iiith/exp-fluorescence-instrumentation-iiith/experiment/simulation/libraries/bootstrap-3.3.7-dist/js/bootstrap.js
    17:3  warning  'jQuery' is not defined                                     no-undef
    77:3  warning  'jQuery' is not defined                                     no-undef
   172:3  warning  'jQuery' is not defined                                     no-undef
   298:3  warning  'jQuery' is not defined                                     no-undef
   536:3  warning  'jQuery' is not defined                                     no-undef
   667:7  warning  Unexpected newline between object and [ of property access  no-unexpected-multiline
   749:3  warning  'jQuery' is not defined                                     no-undef
   915:3  warning  'jQuery' is not defined                                     no-undef
  1255:3  warning  'jQuery' is not defined                                     no-undef
  1776:3  warning  'jQuery' is not defined                                     no-undef
  1885:3  warning  'jQuery' is not defined                                     no-undef
  2058:3  warning  'jQuery' is not defined                                     no-undef
  2214:3  warning  'jQuery' is not defined                                     no-undef
  2377:3  warning  'jQuery' is not defined                                     no-undef

/home/runner/work/exp-fluorescence-instrumentation-iiith/exp-fluorescence-instrumentation-iiith/experiment/simulation/libraries/bootstrap-3.3.7-dist/js/bootstrap.min.js
  6:319    warning  'jQuery' is not defined                 no-undef
  6:1071   warning  'jQuery' is not defined                 no-undef
  6:2016   warning  'jQuery' is not defined                 no-undef
  6:3965   warning  'jQuery' is not defined                 no-undef
  6:8001   warning  'jQuery' is not defined                 no-undef
  6:11369  warning  'jQuery' is not defined                 no-undef
  6:13732  warning  'jQuery' is not defined                 no-undef
  6:19734  warning  'jQuery' is not defined                 no-undef
  6:27338  warning  'a' is assigned a value but never used  no-unused-vars
  6:28677  warning  'jQuery' is not defined                 no-undef
  6:30264  warning  'jQuery' is not defined                 no-undef
  7:648    warning  'jQuery' is not defined                 no-undef
  7:2468   warning  'jQuery' is not defined                 no-undef
  7:4879   warning  'jQuery' is not defined                 no-undef

/home/runner/work/exp-fluorescence-instrumentation-iiith/exp-fluorescence-instrumentation-iiith/experiment/simulation/libraries/bootstrap-3.3.7-dist/js/npm.js
   2:1  warning  'require' is not defined  no-undef
   3:1  warning  'require' is not defined  no-undef
   4:1  warning  'require' is not defined  no-undef
   5:1  warning  'require' is not defined  no-undef
   6:1  warning  'require' is not defined  no-undef
   7:1  warning  'require' is not defined  no-undef
   8:1  warning  'require' is not defined  no-undef
   9:1  warning  'require' is not defined  no-undef
  10:1  warning  'require' is not defined  no-undef
  11:1  warning  'require' is not defined  no-undef
  12:1  warning  'require' is not defined  no-undef
  13:1  warning  'require' is not defined  no-undef

/home/runner/work/exp-fluorescence-instrumentation-iiith/exp-fluorescence-instrumentation-iiith/experiment/simulation/libraries/jQueryRotate.js
   20:5   warning  'jQuery' is not defined                                                    no-undef
   32:38  warning  'Wilq32' is not defined                                                    no-undef
   66:5   warning  'Wilq32' is not defined                                                    no-undef
   67:5   warning  'Wilq32' is not defined                                                    no-undef
   96:13  warning  'jQuery' is not defined                                                    no-undef
  102:5   warning  'Wilq32' is not defined                                                    no-undef
  149:52  warning  Do not access Object.prototype method 'hasOwnProperty' from target object  no-prototype-builtins
  151:15  warning  'jQuery' is not defined                                                    no-undef
  155:18  warning  'a' is already defined                                                     no-redeclare
  155:42  warning  Do not access Object.prototype method 'hasOwnProperty' from target object  no-prototype-builtins
  157:11  warning  'jQuery' is not defined                                                    no-undef
  163:13  warning  'IE' is not defined                                                        no-undef
  198:20  warning  Expected a conditional expression and instead saw an assignment            no-cond-assign
  232:20  warning  Expected a conditional expression and instead saw an assignment            no-cond-assign
  284:13  warning  'IE' is not defined                                                        no-undef
  322:11  warning  'IE' is not defined                                                        no-undef
  324:9   warning  'Wilq32' is not defined                                                    no-undef
  339:4   warning  'jQuery' is not defined                                                    no-undef

/home/runner/work/exp-fluorescence-instrumentation-iiith/exp-fluorescence-instrumentation-iiith/experiment/simulation/mfs2_animations.js
    4:9   warning  'id' is not defined                      no-undef
    6:16  warning  'type_of_movement' is not defined        no-undef
    7:21  warning  'initial_top' is not defined             no-undef
    7:35  warning  'final_top' is not defined               no-undef
    8:35  warning  'id' is not defined                      no-undef
    9:21  warning  'count' is not defined                   no-undef
   11:21  warning  'initial_top' is not defined             no-undef
   11:34  warning  'step_top' is not defined                no-undef
   12:21  warning  'initial_left' is not defined            no-undef
   12:35  warning  'step_left' is not defined               no-undef
   13:21  warning  'elem' is not defined                    no-undef
   13:38  warning  'initial_top' is not defined             no-undef
   14:21  warning  'elem' is not defined                    no-undef
   14:39  warning  'initial_left' is not defined            no-undef
   17:21  warning  'type_of_movement' is not defined        no-undef
   18:21  warning  'initial_top' is not defined             no-undef
   18:35  warning  'final_top' is not defined               no-undef
   19:35  warning  'id' is not defined                      no-undef
   20:21  warning  'count' is not defined                   no-undef
   22:21  warning  'initial_top' is not defined             no-undef
   22:34  warning  'step_top' is not defined                no-undef
   23:21  warning  'initial_left' is not defined            no-undef
   23:35  warning  'step_left' is not defined               no-undef
   24:21  warning  'elem' is not defined                    no-undef
   24:38  warning  'initial_top' is not defined             no-undef
   25:21  warning  'elem' is not defined                    no-undef
   25:39  warning  'initial_left' is not defined            no-undef
   39:10  warning  'moveFlask' is defined but never used    no-unused-vars
   40:12  warning  'step_no' is not defined                 no-undef
   42:13  warning  'elem' is not defined                    no-undef
   44:13  warning  'initial_top' is not defined             no-undef
   44:38  warning  '$' is not defined                       no-undef
   45:13  warning  'initial_left' is not defined            no-undef
   45:39  warning  '$' is not defined                       no-undef
   47:13  warning  'final_top' is not defined               no-undef
   48:13  warning  'step_top' is not defined                no-undef
   49:13  warning  'step_left' is not defined               no-undef
   50:13  warning  'type_of_movement' is not defined        no-undef
   55:13  warning  'step_no' is not defined                 no-undef
   63:10  warning  'moveCuvette' is defined but never used  no-unused-vars
   64:14  warning  'step_no' is not defined                 no-undef
   64:30  warning  'count' is not defined                   no-undef
   66:13  warning  'elem' is not defined                    no-undef
   68:13  warning  'initial_top' is not defined             no-undef
   68:38  warning  '$' is not defined                       no-undef
   69:13  warning  'initial_left' is not defined            no-undef
   69:39  warning  '$' is not defined                       no-undef
   71:13  warning  'final_top' is not defined               no-undef
   72:13  warning  'step_top' is not defined                no-undef
   73:13  warning  'step_left' is not defined               no-undef
   74:13  warning  'type_of_movement' is not defined        no-undef
   79:13  warning  'step_no' is not defined                 no-undef
   82:17  warning  'step_no' is not defined                 no-undef
   84:13  warning  'elem' is not defined                    no-undef
   86:13  warning  'initial_top' is not defined             no-undef
   86:38  warning  '$' is not defined                       no-undef
   87:13  warning  'initial_left' is not defined            no-undef
   87:39  warning  '$' is not defined                       no-undef
   89:13  warning  'final_top' is not defined               no-undef
   90:13  warning  'step_top' is not defined                no-undef
   91:13  warning  'step_left' is not defined               no-undef
   92:13  warning  'type_of_movement' is not defined        no-undef
   97:13  warning  'step_no' is not defined                 no-undef
  103:10  warning  'moveDown' is defined but never used     no-unused-vars
  105:9   warning  'initial_top' is not defined             no-undef
  105:34  warning  '$' is not defined                       no-undef
  106:9   warning  'initial_left' is not defined            no-undef
  106:35  warning  '$' is not defined                       no-undef
  108:9   warning  'final_top' is not defined               no-undef
  109:9   warning  'step_top' is not defined                no-undef
  110:9   warning  'step_left' is not defined               no-undef
  111:9   warning  'type_of_movement' is not defined        no-undef
  119:10  warning  'hideCuvette' is defined but never used  no-unused-vars
  120:9   warning  '$' is not defined                       no-undef
  122:9   warning  'count' is not defined                   no-undef
  130:10  warning  'movePipette' is defined but never used  no-unused-vars
  131:14  warning  'step_no' is not defined                 no-undef
  131:30  warning  'count' is not defined                   no-undef
  133:13  warning  'elem' is not defined                    no-undef
  141:13  warning  '$' is not defined                       no-undef
  144:13  warning  'initial_top' is not defined             no-undef
  144:38  warning  '$' is not defined                       no-undef
  145:13  warning  'initial_left' is not defined            no-undef
  145:39  warning  '$' is not defined                       no-undef
  147:13  warning  'final_top' is not defined               no-undef
  148:13  warning  'step_top' is not defined                no-undef
  149:13  warning  'step_left' is not defined               no-undef
  150:13  warning  'type_of_movement' is not defined        no-undef
  155:13  warning  'step_no' is not defined                 no-undef
  158:17  warning  'step_no' is not defined                 no-undef
  158:31  warning  'count' is not defined                   no-undef
  159:13  warning  '$' is not defined                       no-undef
  160:13  warning  'elem' is not defined                    no-undef
  163:13  warning  'step_no' is not defined                 no-undef
  165:17  warning  'count' is not defined                   no-undef
  167:17  warning  'step_no' is not defined                 no-undef
  167:33  warning  'count' is not defined                   no-undef
  168:14  warning  '$' is not defined                       no-undef
  173:13  warning  'step_no' is not defined                 no-undef
  175:17  warning  'count' is not defined                   no-undef
  177:17  warning  'step_no' is not defined                 no-undef
  177:33  warning  'count' is not defined                   no-undef
  178:13  warning  '$' is not defined                       no-undef
  179:13  warning  'elem' is not defined                    no-undef
  180:13  warning  'step_no' is not defined                 no-undef
  189:11  warning  'elem' is not defined                    no-undef
  191:11  warning  'initial_top' is not defined             no-undef
  191:36  warning  '$' is not defined                       no-undef
  192:11  warning  'initial_left' is not defined            no-undef
  192:37  warning  '$' is not defined                       no-undef
  194:11  warning  'final_top' is not defined               no-undef
  195:11  warning  'step_top' is not defined                no-undef
  196:11  warning  'step_left' is not defined               no-undef
  197:11  warning  'type_of_movement' is not defined        no-undef
  200:11  warning  '$' is not defined                       no-undef

/home/runner/work/exp-fluorescence-instrumentation-iiith/exp-fluorescence-instrumentation-iiith/experiment/simulation/mfs_expt2.js
    6:9   warning  'y' is assigned a value but never used        no-unused-vars
    8:9   warning  'initial_top' is defined but never used       no-unused-vars
    9:9   warning  'initial_left' is defined but never used      no-unused-vars
   10:9   warning  'final_top' is defined but never used         no-unused-vars
   11:9   warning  'final_left' is defined but never used        no-unused-vars
   12:9   warning  'step' is defined but never used              no-unused-vars
   13:9   warning  'elem' is defined but never used              no-unused-vars
   14:9   warning  'img' is defined but never used               no-unused-vars
   14:13  warning  'img1' is defined but never used              no-unused-vars
   15:9   warning  'id' is defined but never used                no-unused-vars
   15:12  warning  'id1' is defined but never used               no-unused-vars
   25:9   warning  'type_of_movement' is defined but never used  no-unused-vars
   69:9   warning  'newwindow' is not defined                    no-undef
   72:13  warning  'newwindow' is not defined                    no-undef
   86:13  warning  'moveFlask' is not defined                    no-undef
   89:13  warning  'movePipette' is not defined                  no-undef
   92:13  warning  'moveCuvette' is not defined                  no-undef
  141:10  warning  'turnOn' is defined but never used            no-unused-vars
  170:17  warning  '$' is not defined                            no-undef
  179:10  warning  'removeClock' is defined but never used       no-unused-vars
  180:9   warning  '$' is not defined                            no-undef
  183:9   warning  'cursorPointers' is not defined               no-undef
  194:13  warning  'cursorPointers' is not defined               no-undef
  202:13  warning  'cursorPointers' is not defined               no-undef
  212:13  warning  '$' is not defined                            no-undef
  218:13  warning  '$' is not defined                            no-undef
  222:5   warning  'cursorPointers' is not defined               no-undef
  228:38  warning  'event' is defined but never used             no-unused-vars
  230:14  warning  '$' is not defined                            no-undef
  234:14  warning  '$' is not defined                            no-undef
  254:17  warning  '$' is not defined                            no-undef
  259:17  warning  'cursorPointers' is not defined               no-undef
  263:17  warning  '$' is not defined                            no-undef
  268:17  warning  'cursorPointers' is not defined               no-undef
  279:13  warning  '$' is not defined                            no-undef
  281:13  warning  'cursorPointers' is not defined               no-undef
  285:13  warning  '$' is not defined                            no-undef

✖ 210 problems (0 errors, 210 warnings)

